W0105 11:33:01.219000 25351 site-packages/torch/utils/cpp_extension.py:117] No CUDA runtime is found, using CUDA_HOME='/usr'
running build_ext
W0105 11:33:01.252000 25351 site-packages/torch/utils/cpp_extension.py:630] Attempted to use ninja as the BuildExtension backend but we could not find ninja.. Falling back to using the slow distutils backend.
W0105 11:33:01.264000 25351 site-packages/torch/utils/cpp_extension.py:521] The detected CUDA version (12.0) has a minor version mismatch with the version that was used to compile PyTorch (12.8). Most likely this shouldn't be a problem.
W0105 11:33:01.265000 25351 site-packages/torch/utils/cpp_extension.py:531] There are no g++ version bounds defined for CUDA version 12.0
building 'pointnet2._ext' extension
g++ -pthread -B /home/wey/anaconda3/envs/embodied_ai/compiler_compat -Wno-unused-result -Wsign-compare -DNDEBUG -fwrapv -O2 -Wall -fPIC -O2 -isystem /home/wey/anaconda3/envs/embodied_ai/include -fPIC -O2 -isystem /home/wey/anaconda3/envs/embodied_ai/include -fPIC -I/home/wey/anaconda3/envs/embodied_ai/lib/python3.10/site-packages/torch/include -I/home/wey/anaconda3/envs/embodied_ai/lib/python3.10/site-packages/torch/include/torch/csrc/api/include -I/home/wey/anaconda3/envs/embodied_ai/include/python3.10 -c _ext_src/src/ball_query.cpp -o build/temp.linux-x86_64-cpython-310/_ext_src/src/ball_query.o -O2 -I/home/wey/Projects/UR3e_AG95_Grasp_public/graspnet-baseline/pointnet2/_ext_src/include -DTORCH_API_INCLUDE_EXTENSION_H -DTORCH_EXTENSION_NAME=_ext -std=c++17
_ext_src/src/ball_query.cpp: In function ‘at::Tensor ball_query(at::Tensor, at::Tensor, float, int)’:
_ext_src/src/ball_query.cpp:20:19: warning: ‘at::DeprecatedTypeProperties& at::Tensor::type() const’ is deprecated: Tensor.type() is deprecated. Instead use Tensor.options(), which in many cases (e.g. in a constructor) is a drop-in replacement. If you were using data from type(), that is now available from Tensor itself, so instead of tensor.type().scalar_type(), use tensor.scalar_type() instead and instead of tensor.type().backend() use tensor.device(). [-Wdeprecated-declarations]
   20 |   if (new_xyz.type().is_cuda()) {
      |       ~~~~~~~~~~~~^~
In file included from /home/wey/anaconda3/envs/embodied_ai/lib/python3.10/site-packages/torch/include/ATen/core/Tensor.h:3,
                 from /home/wey/anaconda3/envs/embodied_ai/lib/python3.10/site-packages/torch/include/ATen/Tensor.h:3,
                 from /home/wey/anaconda3/envs/embodied_ai/lib/python3.10/site-packages/torch/include/torch/csrc/autograd/function_hook.h:3,
                 from /home/wey/anaconda3/envs/embodied_ai/lib/python3.10/site-packages/torch/include/torch/csrc/autograd/cpp_hook.h:2,
                 from /home/wey/anaconda3/envs/embodied_ai/lib/python3.10/site-packages/torch/include/torch/csrc/autograd/variable.h:6,
                 from /home/wey/anaconda3/envs/embodied_ai/lib/python3.10/site-packages/torch/include/torch/csrc/autograd/autograd.h:3,
                 from /home/wey/anaconda3/envs/embodied_ai/lib/python3.10/site-packages/torch/include/torch/csrc/api/include/torch/autograd.h:3,
                 from /home/wey/anaconda3/envs/embodied_ai/lib/python3.10/site-packages/torch/include/torch/csrc/api/include/torch/all.h:7,
                 from /home/wey/anaconda3/envs/embodied_ai/lib/python3.10/site-packages/torch/include/torch/extension.h:5,
                 from /home/wey/Projects/UR3e_AG95_Grasp_public/graspnet-baseline/pointnet2/_ext_src/include/ball_query.h:7,
                 from _ext_src/src/ball_query.cpp:6:
/home/wey/anaconda3/envs/embodied_ai/lib/python3.10/site-packages/torch/include/ATen/core/TensorBody.h:225:30: note: declared here
  225 |   DeprecatedTypeProperties & type() const {
      |                              ^~~~
In file included from /home/wey/anaconda3/envs/embodied_ai/lib/python3.10/site-packages/torch/include/c10/macros/Macros.h:1,
                 from /home/wey/anaconda3/envs/embodied_ai/lib/python3.10/site-packages/torch/include/c10/util/Exception.h:5,
                 from /home/wey/anaconda3/envs/embodied_ai/lib/python3.10/site-packages/torch/include/c10/core/Device.h:5,
                 from /home/wey/anaconda3/envs/embodied_ai/lib/python3.10/site-packages/torch/include/ATen/core/TensorBody.h:11:
/home/wey/Projects/UR3e_AG95_Grasp_public/graspnet-baseline/pointnet2/_ext_src/include/utils.h:12:23: warning: ‘at::DeprecatedTypeProperties& at::Tensor::type() const’ is deprecated: Tensor.type() is deprecated. Instead use Tensor.options(), which in many cases (e.g. in a constructor) is a drop-in replacement. If you were using data from type(), that is now available from Tensor itself, so instead of tensor.type().scalar_type(), use tensor.scalar_type() instead and instead of tensor.type().backend() use tensor.device(). [-Wdeprecated-declarations]
   12 |     TORCH_CHECK(x.type().is_cuda(), #x " must be a CUDA tensor"); \
/home/wey/anaconda3/envs/embodied_ai/lib/python3.10/site-packages/torch/include/torch/headeronly/macros/Macros.h:193:64: note: in definition of macro ‘C10_UNLIKELY’
  193 | #define C10_UNLIKELY(expr) (__builtin_expect(static_cast<bool>(expr), 0))
      |                                                                ^~~~
/home/wey/anaconda3/envs/embodied_ai/lib/python3.10/site-packages/torch/include/c10/util/Exception.h:588:7: note: in expansion of macro ‘C10_UNLIKELY_OR_CONST’
  588 |   if (C10_UNLIKELY_OR_CONST(!(cond))) {            \
      |       ^~~~~~~~~~~~~~~~~~~~~
/home/wey/Projects/UR3e_AG95_Grasp_public/graspnet-baseline/pointnet2/_ext_src/include/utils.h:12:5: note: in expansion of macro ‘TORCH_CHECK’
   12 |     TORCH_CHECK(x.type().is_cuda(), #x " must be a CUDA tensor"); \
      |     ^~~~~~~~~~~
_ext_src/src/ball_query.cpp:21:5: note: in expansion of macro ‘CHECK_CUDA’
   21 |     CHECK_CUDA(xyz);
      |     ^~~~~~~~~~
/home/wey/anaconda3/envs/embodied_ai/lib/python3.10/site-packages/torch/include/ATen/core/TensorBody.h:225:30: note: declared here
  225 |   DeprecatedTypeProperties & type() const {
      |                              ^~~~
_ext_src/src/ball_query.cpp:28:19: warning: ‘at::DeprecatedTypeProperties& at::Tensor::type() const’ is deprecated: Tensor.type() is deprecated. Instead use Tensor.options(), which in many cases (e.g. in a constructor) is a drop-in replacement. If you were using data from type(), that is now available from Tensor itself, so instead of tensor.type().scalar_type(), use tensor.scalar_type() instead and instead of tensor.type().backend() use tensor.device(). [-Wdeprecated-declarations]
   28 |   if (new_xyz.type().is_cuda()) {
      |       ~~~~~~~~~~~~^~
/home/wey/anaconda3/envs/embodied_ai/lib/python3.10/site-packages/torch/include/ATen/core/TensorBody.h:225:30: note: declared here
  225 |   DeprecatedTypeProperties & type() const {
      |                              ^~~~
_ext_src/src/ball_query.cpp:30:73: warning: ‘T* at::Tensor::data() const [with T = float]’ is deprecated: Tensor.data<T>() is deprecated. Please use Tensor.data_ptr<T>() instead. [-Wdeprecated-declarations]
   30 |                                     radius, nsample, new_xyz.data<float>(),
      |                                                      ~~~~~~~~~~~~~~~~~~~^~
/home/wey/anaconda3/envs/embodied_ai/lib/python3.10/site-packages/torch/include/ATen/core/TensorBody.h:247:7: note: declared here
  247 |   T * data() const {
      |       ^~~~
_ext_src/src/ball_query.cpp:31:52: warning: ‘T* at::Tensor::data() const [with T = float]’ is deprecated: Tensor.data<T>() is deprecated. Please use Tensor.data_ptr<T>() instead. [-Wdeprecated-declarations]
   31 |                                     xyz.data<float>(), idx.data<int>());
      |                                     ~~~~~~~~~~~~~~~^~
/home/wey/anaconda3/envs/embodied_ai/lib/python3.10/site-packages/torch/include/ATen/core/TensorBody.h:247:7: note: declared here
  247 |   T * data() const {
      |       ^~~~
_ext_src/src/ball_query.cpp:31:69: warning: ‘T* at::Tensor::data() const [with T = int]’ is deprecated: Tensor.data<T>() is deprecated. Please use Tensor.data_ptr<T>() instead. [-Wdeprecated-declarations]
   31 |                                     xyz.data<float>(), idx.data<int>());
      |                                                        ~~~~~~~~~~~~~^~
/home/wey/anaconda3/envs/embodied_ai/lib/python3.10/site-packages/torch/include/ATen/core/TensorBody.h:247:7: note: declared here
  247 |   T * data() const {
      |       ^~~~
